<?xml version="1.0" encoding="UTF-8"?>
<!-- Generated by org.testng.reporters.JUnitReportReporter -->
<testsuite hostname="DESKTOP-HMI8JJM" name="TestAPI.Testing" tests="2" failures="0" timestamp="24 Jun 2021 08:17:57 GMT" time="4.703" errors="0">
  <testcase name="getUsers" time="3.321" classname="TestAPI.Testing"/>
  <testcase name="deleteUser" time="1.382" classname="TestAPI.Testing"/>
</testsuite> <!-- TestAPI.Testing -->
